<?xml version="1.0" encoding="UTF-8"?>
<!-- Generated by org.testng.reporters.JUnitXMLReporter -->
<testsuite ignored="0" hostname="Azhar-Lap" failures="1" tests="1" name="Test" time="0.087" errors="0" timestamp="2023-03-06T20:07:44 IST">
  <testcase classname="Test_NG_Annotations.parameterized_concept" name="facebook" time="0.0">
    <failure type="org.testng.TestNGException" message="
Cannot inject @Test annotated Method [facebook] with [class java.lang.String, class java.lang.String].
For more information on native dependency injection please refer to https://testng.org/doc/documentation-main.html#native-dependency-injection">
      <![CDATA[org.testng.TestNGException: 
Cannot inject @Test annotated Method [facebook] with [class java.lang.String, class java.lang.String].
For more information on native dependency injection please refer to https://testng.org/doc/documentation-main.html#native-dependency-injection
at java.base/java.util.ArrayList.forEach(ArrayList.java:1511)
... Removed 26 stack frames]]>
    </failure>
  </testcase> <!-- facebook -->
</testsuite> <!-- Test -->
